<?xml version="1.0" encoding="UTF-8" standalone="yes"?><!DOCTYPE report PUBLIC "-//JACOCO//DTD Report 1.1//EN" "report.dtd"><report name="tests_exsersize"><sessioninfo id="MaxPC-5a18ebd" start="1765130865525" dump="1765130866173"/><package name="example"><class name="example/WorkWithPlayers" sourcefilename="WorkWithPlayers.java"><method name="&lt;init&gt;" desc="(Ljava/lang/String;)V" line="18"><counter type="INSTRUCTION" missed="6" covered="14"/><counter type="LINE" missed="2" covered="5"/><counter type="COMPLEXITY" missed="0" covered="1"/><counter type="METHOD" missed="0" covered="1"/></method><method name="getPlayers" desc="()Ljava/util/List;" line="29"><counter type="INSTRUCTION" missed="4" covered="89"/><counter type="BRANCH" missed="3" covered="8"/><counter type="LINE" missed="2" covered="19"/><counter type="COMPLEXITY" missed="3" covered="5"/><counter type="METHOD" missed="0" covered="1"/></method><method name="getCountWithoutAgency" desc="()I" line="65"><counter type="INSTRUCTION" missed="0" covered="8"/><counter type="LINE" missed="0" covered="3"/><counter type="COMPLEXITY" missed="0" covered="1"/><counter type="METHOD" missed="0" covered="1"/></method><method name="getMaxDefenderGoalsCount" desc="()I" line="71"><counter type="INSTRUCTION" missed="0" covered="11"/><counter type="LINE" missed="0" covered="5"/><counter type="COMPLEXITY" missed="0" covered="1"/><counter type="METHOD" missed="0" covered="1"/></method><method name="getTheExpensiveGermanPlayerPosition" desc="()Ljava/lang/String;" line="79"><counter type="INSTRUCTION" missed="0" covered="14"/><counter type="LINE" missed="0" covered="5"/><counter type="COMPLEXITY" missed="0" covered="1"/><counter type="METHOD" missed="0" covered="1"/></method><method name="getPlayersByPosition" desc="()Ljava/util/Map;" line="92"><counter type="INSTRUCTION" missed="0" covered="12"/><counter type="LINE" missed="0" covered="4"/><counter type="COMPLEXITY" missed="0" covered="1"/><counter type="METHOD" missed="0" covered="1"/></method><method name="getTeams" desc="()Ljava/util/Set;" line="108"><counter type="INSTRUCTION" missed="0" covered="9"/><counter type="LINE" missed="0" covered="3"/><counter type="COMPLEXITY" missed="0" covered="1"/><counter type="METHOD" missed="0" covered="1"/></method><method name="getTop5TeamsByGoalsCount" desc="()Ljava/util/Map;" line="114"><counter type="INSTRUCTION" missed="0" covered="24"/><counter type="LINE" missed="0" covered="7"/><counter type="COMPLEXITY" missed="0" covered="1"/><counter type="METHOD" missed="0" covered="1"/></method><method name="getAgencyWithMinPlayersCount" desc="()Ljava/lang/String;" line="131"><counter type="INSTRUCTION" missed="0" covered="20"/><counter type="LINE" missed="0" covered="8"/><counter type="COMPLEXITY" missed="0" covered="1"/><counter type="METHOD" missed="0" covered="1"/></method><method name="getTheRudestTeam" desc="()Ljava/lang/String;" line="146"><counter type="INSTRUCTION" missed="0" covered="19"/><counter type="LINE" missed="0" covered="7"/><counter type="COMPLEXITY" missed="0" covered="1"/><counter type="METHOD" missed="0" covered="1"/></method><method name="getTop10TeamsByTransferValue" desc="()Ljava/util/Map;" line="158"><counter type="INSTRUCTION" missed="0" covered="24"/><counter type="LINE" missed="0" covered="7"/><counter type="COMPLEXITY" missed="0" covered="1"/><counter type="METHOD" missed="0" covered="1"/></method><method name="lambda$getTop10TeamsByTransferValue$7" desc="(Ljava/lang/Integer;Ljava/lang/Integer;)Ljava/lang/Integer;" line="169"><counter type="INSTRUCTION" missed="2" covered="0"/><counter type="LINE" missed="1" covered="0"/><counter type="COMPLEXITY" missed="1" covered="0"/><counter type="METHOD" missed="1" covered="0"/></method><method name="lambda$getAgencyWithMinPlayersCount$6" desc="(Lexample/Player;)Z" line="132"><counter type="INSTRUCTION" missed="0" covered="18"/><counter type="BRANCH" missed="2" covered="4"/><counter type="LINE" missed="0" covered="3"/><counter type="COMPLEXITY" missed="2" covered="2"/><counter type="METHOD" missed="0" covered="1"/></method><method name="lambda$getTop5TeamsByGoalsCount$5" desc="(Ljava/lang/Integer;Ljava/lang/Integer;)Ljava/lang/Integer;" line="125"><counter type="INSTRUCTION" missed="2" covered="0"/><counter type="LINE" missed="1" covered="0"/><counter type="COMPLEXITY" missed="1" covered="0"/><counter type="METHOD" missed="1" covered="0"/></method><method name="lambda$getPlayersByPosition$4" desc="(Lexample/Player;)Ljava/lang/String;" line="94"><counter type="INSTRUCTION" missed="1" covered="13"/><counter type="BRANCH" missed="1" covered="3"/><counter type="LINE" missed="1" covered="4"/><counter type="COMPLEXITY" missed="1" covered="3"/><counter type="METHOD" missed="0" covered="1"/></method><method name="lambda$getTheExpensiveGermanPlayerPosition$3" desc="(Lexample/Player;)Ljava/lang/String;" line="82"><counter type="INSTRUCTION" missed="5" covered="9"/><counter type="BRANCH" missed="3" covered="1"/><counter type="LINE" missed="3" covered="2"/><counter type="COMPLEXITY" missed="3" covered="1"/><counter type="METHOD" missed="0" covered="1"/></method><method name="lambda$getTheExpensiveGermanPlayerPosition$2" desc="(Lexample/Player;)Z" line="80"><counter type="INSTRUCTION" missed="0" covered="5"/><counter type="LINE" missed="0" covered="1"/><counter type="COMPLEXITY" missed="0" covered="1"/><counter type="METHOD" missed="0" covered="1"/></method><method name="lambda$getMaxDefenderGoalsCount$1" desc="(Lexample/Player;)Z" line="72"><counter type="INSTRUCTION" missed="0" covered="8"/><counter type="BRANCH" missed="0" covered="2"/><counter type="LINE" missed="0" covered="1"/><counter type="COMPLEXITY" missed="0" covered="2"/><counter type="METHOD" missed="0" covered="1"/></method><method name="lambda$getCountWithoutAgency$0" desc="(Lexample/Player;)Z" line="66"><counter type="INSTRUCTION" missed="0" covered="12"/><counter type="BRANCH" missed="1" covered="3"/><counter type="LINE" missed="0" covered="1"/><counter type="COMPLEXITY" missed="1" covered="2"/><counter type="METHOD" missed="0" covered="1"/></method><counter type="INSTRUCTION" missed="20" covered="309"/><counter type="BRANCH" missed="10" covered="21"/><counter type="LINE" missed="10" covered="80"/><counter type="COMPLEXITY" missed="12" covered="26"/><counter type="METHOD" missed="2" covered="17"/><counter type="CLASS" missed="0" covered="1"/></class><class name="example/Сhampionship" sourcefilename="Сhampionship.java"><method name="&lt;init&gt;" desc="()V" line="3"><counter type="INSTRUCTION" missed="3" covered="0"/><counter type="LINE" missed="1" covered="0"/><counter type="COMPLEXITY" missed="1" covered="0"/><counter type="METHOD" missed="1" covered="0"/></method><method name="main" desc="([Ljava/lang/String;)V" line="6"><counter type="INSTRUCTION" missed="72" covered="0"/><counter type="BRANCH" missed="2" covered="0"/><counter type="LINE" missed="17" covered="0"/><counter type="COMPLEXITY" missed="2" covered="0"/><counter type="METHOD" missed="1" covered="0"/></method><counter type="INSTRUCTION" missed="75" covered="0"/><counter type="BRANCH" missed="2" covered="0"/><counter type="LINE" missed="18" covered="0"/><counter type="COMPLEXITY" missed="3" covered="0"/><counter type="METHOD" missed="2" covered="0"/><counter type="CLASS" missed="1" covered="0"/></class><class name="example/BarChart" sourcefilename="BarChart.java"><method name="&lt;init&gt;" desc="()V" line="10"><counter type="INSTRUCTION" missed="3" covered="0"/><counter type="LINE" missed="1" covered="0"/><counter type="COMPLEXITY" missed="1" covered="0"/><counter type="METHOD" missed="1" covered="0"/></method><method name="showTop10TeamsChart" desc="(Lexample/WorkWithPlayers;)V" line="12"><counter type="INSTRUCTION" missed="51" covered="0"/><counter type="LINE" missed="13" covered="0"/><counter type="COMPLEXITY" missed="1" covered="0"/><counter type="METHOD" missed="1" covered="0"/></method><method name="lambda$showTop10TeamsChart$0" desc="(Lorg/jfree/data/category/DefaultCategoryDataset;Ljava/lang/String;Ljava/lang/Integer;)V" line="16"><counter type="INSTRUCTION" missed="10" covered="0"/><counter type="LINE" missed="2" covered="0"/><counter type="COMPLEXITY" missed="1" covered="0"/><counter type="METHOD" missed="1" covered="0"/></method><counter type="INSTRUCTION" missed="64" covered="0"/><counter type="LINE" missed="16" covered="0"/><counter type="COMPLEXITY" missed="3" covered="0"/><counter type="METHOD" missed="3" covered="0"/><counter type="CLASS" missed="1" covered="0"/></class><class name="example/Position" sourcefilename="Position.java"><method name="&lt;clinit&gt;" desc="()V" line="3"><counter type="INSTRUCTION" missed="0" covered="27"/><counter type="LINE" missed="0" covered="5"/><counter type="COMPLEXITY" missed="0" covered="1"/><counter type="METHOD" missed="0" covered="1"/></method><counter type="INSTRUCTION" missed="0" covered="27"/><counter type="LINE" missed="0" covered="5"/><counter type="COMPLEXITY" missed="0" covered="1"/><counter type="METHOD" missed="0" covered="1"/><counter type="CLASS" missed="0" covered="1"/></class><class name="example/Player" sourcefilename="Player.java"><method name="&lt;init&gt;" desc="(Ljava/lang/String;Ljava/lang/String;Ljava/lang/String;Lexample/Position;Ljava/lang/String;Ljava/lang/String;ISS)V" line="21"><counter type="INSTRUCTION" missed="0" covered="30"/><counter type="LINE" missed="0" covered="11"/><counter type="COMPLEXITY" missed="0" covered="1"/><counter type="METHOD" missed="0" covered="1"/></method><method name="getName" desc="()Ljava/lang/String;" line="34"><counter type="INSTRUCTION" missed="0" covered="3"/><counter type="LINE" missed="0" covered="1"/><counter type="COMPLEXITY" missed="0" covered="1"/><counter type="METHOD" missed="0" covered="1"/></method><method name="getTeam" desc="()Ljava/lang/String;" line="38"><counter type="INSTRUCTION" missed="0" covered="3"/><counter type="LINE" missed="0" covered="1"/><counter type="COMPLEXITY" missed="0" covered="1"/><counter type="METHOD" missed="0" covered="1"/></method><method name="getCity" desc="()Ljava/lang/String;" line="42"><counter type="INSTRUCTION" missed="3" covered="0"/><counter type="LINE" missed="1" covered="0"/><counter type="COMPLEXITY" missed="1" covered="0"/><counter type="METHOD" missed="1" covered="0"/></method><method name="getPosition" desc="()Lexample/Position;" line="46"><counter type="INSTRUCTION" missed="0" covered="3"/><counter type="LINE" missed="0" covered="1"/><counter type="COMPLEXITY" missed="0" covered="1"/><counter type="METHOD" missed="0" covered="1"/></method><method name="getNationality" desc="()Ljava/lang/String;" line="50"><counter type="INSTRUCTION" missed="0" covered="3"/><counter type="LINE" missed="0" covered="1"/><counter type="COMPLEXITY" missed="0" covered="1"/><counter type="METHOD" missed="0" covered="1"/></method><method name="getAgency" desc="()Ljava/lang/String;" line="54"><counter type="INSTRUCTION" missed="0" covered="3"/><counter type="LINE" missed="0" covered="1"/><counter type="COMPLEXITY" missed="0" covered="1"/><counter type="METHOD" missed="0" covered="1"/></method><method name="getTransferCost" desc="()I" line="58"><counter type="INSTRUCTION" missed="0" covered="3"/><counter type="LINE" missed="0" covered="1"/><counter type="COMPLEXITY" missed="0" covered="1"/><counter type="METHOD" missed="0" covered="1"/></method><method name="getGoals" desc="()S" line="62"><counter type="INSTRUCTION" missed="0" covered="3"/><counter type="LINE" missed="0" covered="1"/><counter type="COMPLEXITY" missed="0" covered="1"/><counter type="METHOD" missed="0" covered="1"/></method><method name="getRedCards" desc="()S" line="66"><counter type="INSTRUCTION" missed="0" covered="3"/><counter type="LINE" missed="0" covered="1"/><counter type="COMPLEXITY" missed="0" covered="1"/><counter type="METHOD" missed="0" covered="1"/></method><method name="toString" desc="()Ljava/lang/String;" line="71"><counter type="INSTRUCTION" missed="24" covered="0"/><counter type="LINE" missed="4" covered="0"/><counter type="COMPLEXITY" missed="1" covered="0"/><counter type="METHOD" missed="1" covered="0"/></method><counter type="INSTRUCTION" missed="27" covered="54"/><counter type="LINE" missed="5" covered="19"/><counter type="COMPLEXITY" missed="2" covered="9"/><counter type="METHOD" missed="2" covered="9"/><counter type="CLASS" missed="0" covered="1"/></class><class name="example/IResolver" sourcefilename="IResolver.java"/><sourcefile name="IResolver.java"/><sourcefile name="Player.java"><line nr="21" mi="0" ci="2" mb="0" cb="0"/><line nr="22" mi="0" ci="3" mb="0" cb="0"/><line nr="23" mi="0" ci="3" mb="0" cb="0"/><line nr="24" mi="0" ci="3" mb="0" cb="0"/><line nr="25" mi="0" ci="3" mb="0" cb="0"/><line nr="26" mi="0" ci="3" mb="0" cb="0"/><line nr="27" mi="0" ci="3" mb="0" cb="0"/><line nr="28" mi="0" ci="3" mb="0" cb="0"/><line nr="29" mi="0" ci="3" mb="0" cb="0"/><line nr="30" mi="0" ci="3" mb="0" cb="0"/><line nr="31" mi="0" ci="1" mb="0" cb="0"/><line nr="34" mi="0" ci="3" mb="0" cb="0"/><line nr="38" mi="0" ci="3" mb="0" cb="0"/><line nr="42" mi="3" ci="0" mb="0" cb="0"/><line nr="46" mi="0" ci="3" mb="0" cb="0"/><line nr="50" mi="0" ci="3" mb="0" cb="0"/><line nr="54" mi="0" ci="3" mb="0" cb="0"/><line nr="58" mi="0" ci="3" mb="0" cb="0"/><line nr="62" mi="0" ci="3" mb="0" cb="0"/><line nr="66" mi="0" ci="3" mb="0" cb="0"/><line nr="71" mi="9" ci="0" mb="0" cb="0"/><line nr="72" mi="7" ci="0" mb="0" cb="0"/><line nr="73" mi="4" ci="0" mb="0" cb="0"/><line nr="74" mi="4" ci="0" mb="0" cb="0"/><counter type="INSTRUCTION" missed="27" covered="54"/><counter type="LINE" missed="5" covered="19"/><counter type="COMPLEXITY" missed="2" covered="9"/><counter type="METHOD" missed="2" covered="9"/><counter type="CLASS" missed="0" covered="1"/></sourcefile><sourcefile name="Сhampionship.java"><line nr="3" mi="3" ci="0" mb="0" cb="0"/><line nr="6" mi="5" ci="0" mb="0" cb="0"/><line nr="8" mi="5" ci="0" mb="0" cb="0"/><line nr="11" mi="5" ci="0" mb="0" cb="0"/><line nr="14" mi="5" ci="0" mb="0" cb="0"/><line nr="17" mi="6" ci="0" mb="0" cb="0"/><line nr="20" mi="3" ci="0" mb="0" cb="0"/><line nr="21" mi="11" ci="0" mb="2" cb="0"/><line nr="22" mi="3" ci="0" mb="0" cb="0"/><line nr="23" mi="1" ci="0" mb="0" cb="0"/><line nr="24" mi="3" ci="0" mb="0" cb="0"/><line nr="27" mi="6" ci="0" mb="0" cb="0"/><line nr="28" mi="3" ci="0" mb="0" cb="0"/><line nr="31" mi="5" ci="0" mb="0" cb="0"/><line nr="32" mi="3" ci="0" mb="0" cb="0"/><line nr="34" mi="5" ci="0" mb="0" cb="0"/><line nr="37" mi="2" ci="0" mb="0" cb="0"/><line nr="38" mi="1" ci="0" mb="0" cb="0"/><counter type="INSTRUCTION" missed="75" covered="0"/><counter type="BRANCH" missed="2" covered="0"/><counter type="LINE" missed="18" covered="0"/><counter type="COMPLEXITY" missed="3" covered="0"/><counter type="METHOD" missed="2" covered="0"/><counter type="CLASS" missed="1" covered="0"/></sourcefile><sourcefile name="Position.java"><line nr="3" mi="0" ci="3" mb="0" cb="0"/><line nr="4" mi="0" ci="6" mb="0" cb="0"/><line nr="5" mi="0" ci="6" mb="0" cb="0"/><line nr="6" mi="0" ci="6" mb="0" cb="0"/><line nr="7" mi="0" ci="6" mb="0" cb="0"/><counter type="INSTRUCTION" missed="0" covered="27"/><counter type="LINE" missed="0" covered="5"/><counter type="COMPLEXITY" missed="0" covered="1"/><counter type="METHOD" missed="0" covered="1"/><counter type="CLASS" missed="0" covered="1"/></sourcefile><sourcefile name="BarChart.java"><line nr="10" mi="3" ci="0" mb="0" cb="0"/><line nr="12" mi="3" ci="0" mb="0" cb="0"/><line nr="13" mi="4" ci="0" mb="0" cb="0"/><line nr="15" mi="4" ci="0" mb="0" cb="0"/><line nr="16" mi="9" ci="0" mb="0" cb="0"/><line nr="17" mi="1" ci="0" mb="0" cb="0"/><line nr="19" mi="6" ci="0" mb="0" cb="0"/><line nr="26" mi="3" ci="0" mb="0" cb="0"/><line nr="28" mi="5" ci="0" mb="0" cb="0"/><line nr="29" mi="3" ci="0" mb="0" cb="0"/><line nr="30" mi="4" ci="0" mb="0" cb="0"/><line nr="32" mi="5" ci="0" mb="0" cb="0"/><line nr="33" mi="7" ci="0" mb="0" cb="0"/><line nr="34" mi="3" ci="0" mb="0" cb="0"/><line nr="35" mi="3" ci="0" mb="0" cb="0"/><line nr="36" mi="1" ci="0" mb="0" cb="0"/><counter type="INSTRUCTION" missed="64" covered="0"/><counter type="LINE" missed="16" covered="0"/><counter type="COMPLEXITY" missed="3" covered="0"/><counter type="METHOD" missed="3" covered="0"/><counter type="CLASS" missed="1" covered="0"/></sourcefile><sourcefile name="WorkWithPlayers.java"><line nr="18" mi="0" ci="2" mb="0" cb="0"/><line nr="19" mi="0" ci="3" mb="0" cb="0"/><line nr="21" mi="0" ci="7" mb="0" cb="0"/><line nr="22" mi="1" ci="0" mb="0" cb="0"/><line nr="23" mi="5" ci="0" mb="0" cb="0"/><line nr="24" mi="0" ci="1" mb="0" cb="0"/><line nr="25" mi="0" ci="1" mb="0" cb="0"/><line nr="29" mi="0" ci="4" mb="0" cb="0"/><line nr="30" mi="0" ci="2" mb="0" cb="0"/><line nr="32" mi="0" ci="11" mb="0" cb="2"/><line nr="33" mi="0" ci="8" mb="1" cb="3"/><line nr="34" mi="0" ci="1" mb="0" cb="0"/><line nr="37" mi="0" ci="4" mb="0" cb="0"/><line nr="39" mi="0" ci="11" mb="2" cb="3"/><line nr="41" mi="0" ci="2" mb="0" cb="0"/><line nr="42" mi="0" ci="1" mb="0" cb="0"/><line nr="44" mi="0" ci="2" mb="0" cb="0"/><line nr="45" mi="0" ci="1" mb="0" cb="0"/><line nr="47" mi="0" ci="2" mb="0" cb="0"/><line nr="48" mi="0" ci="1" mb="0" cb="0"/><line nr="50" mi="2" ci="0" mb="0" cb="0"/><line nr="52" mi="2" ci="0" mb="0" cb="0"/><line nr="55" mi="0" ci="21" mb="0" cb="0"/><line nr="56" mi="0" ci="8" mb="0" cb="0"/><line nr="57" mi="0" ci="3" mb="0" cb="0"/><line nr="58" mi="0" ci="4" mb="0" cb="0"/><line nr="59" mi="0" ci="1" mb="0" cb="0"/><line nr="61" mi="0" ci="2" mb="0" cb="0"/><line nr="65" mi="0" ci="5" mb="0" cb="0"/><line nr="66" mi="0" ci="13" mb="1" cb="3"/><line nr="67" mi="0" ci="2" mb="0" cb="0"/><line nr="71" mi="0" ci="5" mb="0" cb="0"/><line nr="72" mi="0" ci="10" mb="0" cb="2"/><line nr="73" mi="0" ci="1" mb="0" cb="0"/><line nr="74" mi="0" ci="2" mb="0" cb="0"/><line nr="75" mi="0" ci="1" mb="0" cb="0"/><line nr="79" mi="0" ci="5" mb="0" cb="0"/><line nr="80" mi="0" ci="7" mb="0" cb="0"/><line nr="81" mi="0" ci="3" mb="0" cb="0"/><line nr="82" mi="0" ci="9" mb="3" cb="1"/><line nr="83" mi="0" ci="2" mb="0" cb="0"/><line nr="84" mi="2" ci="0" mb="0" cb="0"/><line nr="85" mi="2" ci="0" mb="0" cb="0"/><line nr="86" mi="1" ci="0" mb="0" cb="0"/><line nr="88" mi="0" ci="2" mb="0" cb="0"/><line nr="92" mi="0" ci="7" mb="0" cb="0"/><line nr="93" mi="0" ci="3" mb="0" cb="0"/><line nr="94" mi="0" ci="7" mb="1" cb="3"/><line nr="95" mi="0" ci="2" mb="0" cb="0"/><line nr="96" mi="0" ci="2" mb="0" cb="0"/><line nr="97" mi="0" ci="2" mb="0" cb="0"/><line nr="98" mi="1" ci="0" mb="0" cb="0"/><line nr="100" mi="0" ci="1" mb="0" cb="0"/><line nr="102" mi="0" ci="1" mb="0" cb="0"/><line nr="108" mi="0" ci="5" mb="0" cb="0"/><line nr="109" mi="0" ci="1" mb="0" cb="0"/><line nr="110" mi="0" ci="3" mb="0" cb="0"/><line nr="114" mi="0" ci="6" mb="0" cb="0"/><line nr="115" mi="0" ci="3" mb="0" cb="0"/><line nr="117" mi="0" ci="1" mb="0" cb="0"/><line nr="119" mi="0" ci="2" mb="0" cb="0"/><line nr="120" mi="0" ci="4" mb="0" cb="0"/><line nr="121" mi="0" ci="5" mb="0" cb="0"/><line nr="122" mi="0" ci="3" mb="0" cb="0"/><line nr="125" mi="2" ci="0" mb="0" cb="0"/><line nr="131" mi="0" ci="5" mb="0" cb="0"/><line nr="132" mi="0" ci="7" mb="1" cb="1"/><line nr="133" mi="0" ci="6" mb="0" cb="2"/><line nr="134" mi="0" ci="7" mb="1" cb="1"/><line nr="135" mi="0" ci="3" mb="0" cb="0"/><line nr="137" mi="0" ci="1" mb="0" cb="0"/><line nr="139" mi="0" ci="2" mb="0" cb="0"/><line nr="140" mi="0" ci="3" mb="0" cb="0"/><line nr="141" mi="0" ci="2" mb="0" cb="0"/><line nr="142" mi="0" ci="2" mb="0" cb="0"/><line nr="146" mi="0" ci="6" mb="0" cb="0"/><line nr="147" mi="0" ci="3" mb="0" cb="0"/><line nr="149" mi="0" ci="1" mb="0" cb="0"/><line nr="151" mi="0" ci="2" mb="0" cb="0"/><line nr="152" mi="0" ci="3" mb="0" cb="0"/><line nr="153" mi="0" ci="2" mb="0" cb="0"/><line nr="154" mi="0" ci="2" mb="0" cb="0"/><line nr="158" mi="0" ci="6" mb="0" cb="0"/><line nr="159" mi="0" ci="3" mb="0" cb="0"/><line nr="161" mi="0" ci="1" mb="0" cb="0"/><line nr="163" mi="0" ci="2" mb="0" cb="0"/><line nr="164" mi="0" ci="4" mb="0" cb="0"/><line nr="165" mi="0" ci="5" mb="0" cb="0"/><line nr="166" mi="0" ci="3" mb="0" cb="0"/><line nr="169" mi="2" ci="0" mb="0" cb="0"/><counter type="INSTRUCTION" missed="20" covered="309"/><counter type="BRANCH" missed="10" covered="21"/><counter type="LINE" missed="10" covered="80"/><counter type="COMPLEXITY" missed="12" covered="26"/><counter type="METHOD" missed="2" covered="17"/><counter type="CLASS" missed="0" covered="1"/></sourcefile><counter type="INSTRUCTION" missed="186" covered="390"/><counter type="BRANCH" missed="12" covered="21"/><counter type="LINE" missed="49" covered="104"/><counter type="COMPLEXITY" missed="20" covered="36"/><counter type="METHOD" missed="9" covered="27"/><counter type="CLASS" missed="2" covered="3"/></package><counter type="INSTRUCTION" missed="186" covered="390"/><counter type="BRANCH" missed="12" covered="21"/><counter type="LINE" missed="49" covered="104"/><counter type="COMPLEXITY" missed="20" covered="36"/><counter type="METHOD" missed="9" covered="27"/><counter type="CLASS" missed="2" covered="3"/></report>