<?xml version="1.0" encoding="UTF-8"?>
<testsuite xmlns:xsi="http://www.w3.org/2001/XMLSchema-instance" xsi:noNamespaceSchemaLocation="https://maven.apache.org/surefire/maven-surefire-plugin/xsd/surefire-test-report-3.0.xsd" version="3.0" name="WorkWithPlayersTest" time="0.093" tests="10" errors="0" skipped="0" failures="0">
  <properties>
[...]
</properties>
  <testcase name="testGetTop5TeamsByGoalsCount" classname="WorkWithPlayersTest" time="0.04"/>
  <testcase name="testGetTeams" classname="WorkWithPlayersTest" time="0.008"/>
  <testcase name="testGetAgencyWithMinPlayersCount" classname="WorkWithPlayersTest" time="0.0"/>
  <testcase name="testGetTheRudestTeam" classname="WorkWithPlayersTest" time="0.007"/>
  <testcase name="testGetTheExpensiveGermanPlayerPosition" classname="WorkWithPlayersTest" time="0.0"/>
  <testcase name="testGetPlayersByPosition" classname="WorkWithPlayersTest" time="0.0"/>
  <testcase name="testGetPlayers" classname="WorkWithPlayersTest" time="0.0"/>
  <testcase name="testGetMaxDefenderGoalsCount" classname="WorkWithPlayersTest" time="0.0"/>
  <testcase name="testGetCountWithoutAgency" classname="WorkWithPlayersTest" time="0.0"/>
  <testcase name="testGetTop10TeamsByTransferValue" classname="WorkWithPlayersTest" time="0.0"/>
</testsuite>